[0.312s] Invoking command in '/workspace/Practice02/src/task01': PYTHONPATH=/workspace/Practice02/build/task01/prefix_override:/usr/lib/python3/dist-packages/colcon_core/task/python/colcon_distutils_commands:/workspace/Practice02/install/task01/lib/python3.10/site-packages:${PYTHONPATH} /usr/bin/python3 -W ignore:setup.py install is deprecated setup.py egg_info --egg-base ../../build/task01 build --build-base /workspace/Practice02/build/task01/build install --record /workspace/Practice02/build/task01/install.log --single-version-externally-managed install_data
[0.427s] running egg_info
[0.428s] writing ../../build/task01/task01.egg-info/PKG-INFO
[0.428s] writing dependency_links to ../../build/task01/task01.egg-info/dependency_links.txt
[0.429s] writing entry points to ../../build/task01/task01.egg-info/entry_points.txt
[0.430s] writing requirements to ../../build/task01/task01.egg-info/requires.txt
[0.431s] writing top-level names to ../../build/task01/task01.egg-info/top_level.txt
[0.433s] reading manifest file '../../build/task01/task01.egg-info/SOURCES.txt'
[0.434s] writing manifest file '../../build/task01/task01.egg-info/SOURCES.txt'
[0.435s] running build
[0.435s] running build_py
[0.436s] running install
[0.436s] running install_lib
[0.438s] running install_data
[0.440s] running install_egg_info
[0.440s] removing '/workspace/Practice02/install/task01/lib/python3.10/site-packages/task01-0.0.0-py3.10.egg-info' (and everything under it)
[0.443s] Copying ../../build/task01/task01.egg-info to /workspace/Practice02/install/task01/lib/python3.10/site-packages/task01-0.0.0-py3.10.egg-info
[0.449s] running install_scripts
[0.463s] Installing receiver script to /workspace/Practice02/install/task01/lib/task01
[0.464s] writing list of installed files to '/workspace/Practice02/build/task01/install.log'
[0.478s] Invoked command in '/workspace/Practice02/src/task01' returned '0': PYTHONPATH=/workspace/Practice02/build/task01/prefix_override:/usr/lib/python3/dist-packages/colcon_core/task/python/colcon_distutils_commands:/workspace/Practice02/install/task01/lib/python3.10/site-packages:${PYTHONPATH} /usr/bin/python3 -W ignore:setup.py install is deprecated setup.py egg_info --egg-base ../../build/task01 build --build-base /workspace/Practice02/build/task01/build install --record /workspace/Practice02/build/task01/install.log --single-version-externally-managed install_data
