[0.405s] Invoking command in '/workspace/Practice02/src/task01': PYTHONPATH=/workspace/Practice02/build/task01/prefix_override:/usr/lib/python3/dist-packages/colcon_core/task/python/colcon_distutils_commands:/workspace/Practice02/install/task01/lib/python3.10/site-packages:${PYTHONPATH} /usr/bin/python3 -W ignore:setup.py install is deprecated setup.py egg_info --egg-base ../../build/task01 build --build-base /workspace/Practice02/build/task01/build install --record /workspace/Practice02/build/task01/install.log --single-version-externally-managed install_data
[0.564s] running egg_info
[0.565s] creating ../../build/task01/task01.egg-info
[0.565s] writing ../../build/task01/task01.egg-info/PKG-INFO
[0.566s] writing dependency_links to ../../build/task01/task01.egg-info/dependency_links.txt
[0.567s] writing entry points to ../../build/task01/task01.egg-info/entry_points.txt
[0.568s] writing requirements to ../../build/task01/task01.egg-info/requires.txt
[0.569s] writing top-level names to ../../build/task01/task01.egg-info/top_level.txt
[0.570s] writing manifest file '../../build/task01/task01.egg-info/SOURCES.txt'
[0.573s] reading manifest file '../../build/task01/task01.egg-info/SOURCES.txt'
[0.574s] writing manifest file '../../build/task01/task01.egg-info/SOURCES.txt'
[0.575s] running build
[0.576s] running build_py
[0.579s] creating /workspace/Practice02/build/task01/build
[0.581s] creating /workspace/Practice02/build/task01/build/lib
[0.582s] creating /workspace/Practice02/build/task01/build/lib/task01
[0.583s] copying task01/receiver.py -> /workspace/Practice02/build/task01/build/lib/task01
[0.586s] copying task01/__init__.py -> /workspace/Practice02/build/task01/build/lib/task01
[0.591s] running install
[0.592s] running install_lib
[0.593s] creating /workspace/Practice02/install/task01/lib/python3.10/site-packages/task01
[0.593s] copying /workspace/Practice02/build/task01/build/lib/task01/receiver.py -> /workspace/Practice02/install/task01/lib/python3.10/site-packages/task01
[0.594s] copying /workspace/Practice02/build/task01/build/lib/task01/__init__.py -> /workspace/Practice02/install/task01/lib/python3.10/site-packages/task01
[0.596s] byte-compiling /workspace/Practice02/install/task01/lib/python3.10/site-packages/task01/receiver.py to receiver.cpython-310.pyc
[0.597s] byte-compiling /workspace/Practice02/install/task01/lib/python3.10/site-packages/task01/__init__.py to __init__.cpython-310.pyc
[0.598s] running install_data
[0.599s] creating /workspace/Practice02/install/task01/share/ament_index
[0.599s] creating /workspace/Practice02/install/task01/share/ament_index/resource_index
[0.600s] creating /workspace/Practice02/install/task01/share/ament_index/resource_index/packages
[0.600s] copying resource/task01 -> /workspace/Practice02/install/task01/share/ament_index/resource_index/packages
[0.601s] copying package.xml -> /workspace/Practice02/install/task01/share/task01
[0.604s] running install_egg_info
[0.604s] Copying ../../build/task01/task01.egg-info to /workspace/Practice02/install/task01/lib/python3.10/site-packages/task01-0.0.0-py3.10.egg-info
[0.613s] running install_scripts
[0.643s] writing list of installed files to '/workspace/Practice02/build/task01/install.log'
[0.660s] Invoked command in '/workspace/Practice02/src/task01' returned '0': PYTHONPATH=/workspace/Practice02/build/task01/prefix_override:/usr/lib/python3/dist-packages/colcon_core/task/python/colcon_distutils_commands:/workspace/Practice02/install/task01/lib/python3.10/site-packages:${PYTHONPATH} /usr/bin/python3 -W ignore:setup.py install is deprecated setup.py egg_info --egg-base ../../build/task01 build --build-base /workspace/Practice02/build/task01/build install --record /workspace/Practice02/build/task01/install.log --single-version-externally-managed install_data
